# JRE version: Java(TM) SE Runtime Environment (8.0_40-b27) (build 1.8.0_40-b27)
# Java VM: Java HotSpot(TM) 64-Bit Server VM (25.40-b25 mixed mode bsd-amd64 compressed oops)
Heap:
 PSYoungGen      total 527360K, used 18231K [0x0000000795580000, 0x00000007b9b80000, 0x00000007c0000000)
  eden space 519680K, 2% used [0x0000000795580000,0x00000007960da1f0,0x00000007b5100000)
  from space 7680K, 86% used [0x00000007b5100000,0x00000007b5773aa8,0x00000007b5880000)
  to   space 7680K, 0% used [0x00000007b9400000,0x00000007b9400000,0x00000007b9b80000)
 ParOldGen       total 121344K, used 17930K [0x0000000740000000, 0x0000000747680000, 0x0000000795580000)
  object space 121344K, 14% used [0x0000000740000000,0x0000000741182918,0x0000000747680000)
 Metaspace       used 53370K, capacity 71955K, committed 72104K, reserved 1101824K
  class space    used 12418K, capacity 19295K, committed 19368K, reserved 1048576K
GC Heap History (10 events):
Event: 5.002 GC heap before
{Heap before GC invocations=10 (full 2):
 PSYoungGen      total 427008K, used 4944K [0x0000000795580000, 0x00000007aff00000, 0x00000007c0000000)
  eden space 421376K, 0% used [0x0000000795580000,0x0000000795580000,0x00000007af100000)
  from space 5632K, 87% used [0x00000007af980000,0x00000007afe54010,0x00000007aff00000)
  to   space 7168K, 0% used [0x00000007af100000,0x00000007af100000,0x00000007af800000)
 ParOldGen       total 53760K, used 6212K [0x0000000740000000, 0x0000000743480000, 0x0000000795580000)
  object space 53760K, 11% used [0x0000000740000000,0x0000000740611340,0x0000000743480000)
 Metaspace       used 28298K, capacity 35393K, committed 35496K, reserved 1075200K
  class space    used 6637K, capacity 9540K, committed 9640K, reserved 1048576K
Event: 5.064 GC heap after
Heap after GC invocations=10 (full 2):
 PSYoungGen      total 427008K, used 0K [0x0000000795580000, 0x00000007aff00000, 0x00000007c0000000)
  eden space 421376K, 0% used [0x0000000795580000,0x0000000795580000,0x00000007af100000)
  from space 5632K, 0% used [0x00000007af980000,0x00000007af980000,0x00000007aff00000)
  to   space 7168K, 0% used [0x00000007af100000,0x00000007af100000,0x00000007af800000)
 ParOldGen       total 83456K, used 10883K [0x0000000740000000, 0x0000000745180000, 0x0000000795580000)
  object space 83456K, 13% used [0x0000000740000000,0x0000000740aa0f30,0x0000000745180000)
 Metaspace       used 28298K, capacity 35393K, committed 35496K, reserved 1075200K
  class space    used 6637K, capacity 9540K, committed 9640K, reserved 1048576K
}
Event: 7.212 GC heap before
{Heap before GC invocations=11 (full 2):
 PSYoungGen      total 427008K, used 421376K [0x0000000795580000, 0x00000007aff00000, 0x00000007c0000000)
  eden space 421376K, 100% used [0x0000000795580000,0x00000007af100000,0x00000007af100000)
  from space 5632K, 0% used [0x00000007af980000,0x00000007af980000,0x00000007aff00000)
  to   space 7168K, 0% used [0x00000007af100000,0x00000007af100000,0x00000007af800000)
 ParOldGen       total 83456K, used 10883K [0x0000000740000000, 0x0000000745180000, 0x0000000795580000)
  object space 83456K, 13% used [0x0000000740000000,0x0000000740aa0f30,0x0000000745180000)
 Metaspace       used 36839K, capacity 48311K, committed 48424K, reserved 1083392K
  class space    used 8776K, capacity 13505K, committed 13608K, reserved 1048576K
Event: 7.217 GC heap after
Heap after GC invocations=11 (full 2):
 PSYoungGen      total 428544K, used 5038K [0x0000000795580000, 0x00000007b6000000, 0x00000007c0000000)
  eden space 421376K, 0% used [0x0000000795580000,0x0000000795580000,0x00000007af100000)
  from space 7168K, 70% used [0x00000007af100000,0x00000007af5eb950,0x00000007af800000)
  to   space 6656K, 0% used [0x00000007b5980000,0x00000007b5980000,0x00000007b6000000)
 ParOldGen       total 83456K, used 10891K [0x0000000740000000, 0x0000000745180000, 0x0000000795580000)
  object space 83456K, 13% used [0x0000000740000000,0x0000000740aa2f30,0x0000000745180000)
 Metaspace       used 36839K, capacity 48311K, committed 48424K, reserved 1083392K
  class space    used 8776K, capacity 13505K, committed 13608K, reserved 1048576K
}
Event: 9.167 GC heap before
{Heap before GC invocations=12 (full 2):
 PSYoungGen      total 428544K, used 395489K [0x0000000795580000, 0x00000007b6000000, 0x00000007c0000000)
  eden space 421376K, 92% used [0x0000000795580000,0x00000007ad2cccd8,0x00000007af100000)
  from space 7168K, 70% used [0x00000007af100000,0x00000007af5eb950,0x00000007af800000)
  to   space 6656K, 0% used [0x00000007b5980000,0x00000007b5980000,0x00000007b6000000)
 ParOldGen       total 83456K, used 10891K [0x0000000740000000, 0x0000000745180000, 0x0000000795580000)
  object space 83456K, 13% used [0x0000000740000000,0x0000000740aa2f30,0x0000000745180000)
 Metaspace       used 43294K, capacity 59035K, committed 59160K, reserved 1091584K
  class space    used 10926K, capacity 17245K, committed 17320K, reserved 1048576K
Event: 9.174 GC heap after
Heap after GC invocations=12 (full 2):
 PSYoungGen      total 516608K, used 6645K [0x0000000795580000, 0x00000007b6000000, 0x00000007c0000000)
  eden space 509952K, 0% used [0x0000000795580000,0x0000000795580000,0x00000007b4780000)
  from space 6656K, 99% used [0x00000007b5980000,0x00000007b5ffd698,0x00000007b6000000)
  to   space 7680K, 0% used [0x00000007b5100000,0x00000007b5100000,0x00000007b5880000)
 ParOldGen       total 83456K, used 11615K [0x0000000740000000, 0x0000000745180000, 0x0000000795580000)
  object space 83456K, 13% used [0x0000000740000000,0x0000000740b57ea8,0x0000000745180000)
 Metaspace       used 43294K, capacity 59035K, committed 59160K, reserved 1091584K
  class space    used 10926K, capacity 17245K, committed 17320K, reserved 1048576K
}
Event: 9.174 GC heap before
{Heap before GC invocations=13 (full 3):
 PSYoungGen      total 516608K, used 6645K [0x0000000795580000, 0x00000007b6000000, 0x00000007c0000000)
  eden space 509952K, 0% used [0x0000000795580000,0x0000000795580000,0x00000007b4780000)
  from space 6656K, 99% used [0x00000007b5980000,0x00000007b5ffd698,0x00000007b6000000)
  to   space 7680K, 0% used [0x00000007b5100000,0x00000007b5100000,0x00000007b5880000)
 ParOldGen       total 83456K, used 11615K [0x0000000740000000, 0x0000000745180000, 0x0000000795580000)
  object space 83456K, 13% used [0x0000000740000000,0x0000000740b57ea8,0x0000000745180000)
 Metaspace       used 43294K, capacity 59035K, committed 59160K, reserved 1091584K
  class space    used 10926K, capacity 17245K, committed 17320K, reserved 1048576K
Event: 9.362 GC heap after
Heap after GC invocations=13 (full 3):
 PSYoungGen      total 516608K, used 0K [0x0000000795580000, 0x00000007b6000000, 0x00000007c0000000)
  eden space 509952K, 0% used [0x0000000795580000,0x0000000795580000,0x00000007b4780000)
  from space 6656K, 0% used [0x00000007b5980000,0x00000007b5980000,0x00000007b6000000)
  to   space 7680K, 0% used [0x00000007b5100000,0x00000007b5100000,0x00000007b5880000)
 ParOldGen       total 121344K, used 17922K [0x0000000740000000, 0x0000000747680000, 0x0000000795580000)
  object space 121344K, 14% used [0x0000000740000000,0x0000000741180918,0x0000000747680000)
 Metaspace       used 43294K, capacity 59035K, committed 59160K, reserved 1091584K
  class space    used 10926K, capacity 17245K, committed 17320K, reserved 1048576K
}
Event: 102.413 GC heap before
{Heap before GC invocations=14 (full 3):
 PSYoungGen      total 516608K, used 509952K [0x0000000795580000, 0x00000007b6000000, 0x00000007c0000000)
  eden space 509952K, 100% used [0x0000000795580000,0x00000007b4780000,0x00000007b4780000)
  from space 6656K, 0% used [0x00000007b5980000,0x00000007b5980000,0x00000007b6000000)
  to   space 7680K, 0% used [0x00000007b5100000,0x00000007b5100000,0x00000007b5880000)
 ParOldGen       total 121344K, used 17922K [0x0000000740000000, 0x0000000747680000, 0x0000000795580000)
  object space 121344K, 14% used [0x0000000740000000,0x0000000741180918,0x0000000747680000)
 Metaspace       used 53370K, capacity 71955K, committed 72104K, reserved 1101824K
  class space    used 12418K, capacity 19295K, committed 19368K, reserved 1048576K
Event: 102.482 GC heap after
Heap after GC invocations=14 (full 3):
 PSYoungGen      total 527360K, used 6606K [0x0000000795580000, 0x00000007b9b80000, 0x00000007c0000000)
  eden space 519680K, 0% used [0x0000000795580000,0x0000000795580000,0x00000007b5100000)
  from space 7680K, 86% used [0x00000007b5100000,0x00000007b5773aa8,0x00000007b5880000)
  to   space 7680K, 0% used [0x00000007b9400000,0x00000007b9400000,0x00000007b9b80000)
 ParOldGen       total 121344K, used 17930K [0x0000000740000000, 0x0000000747680000, 0x0000000795580000)
  object space 121344K, 14% used [0x0000000740000000,0x0000000741182918,0x0000000747680000)
 Metaspace       used 53370K, capacity 71955K, committed 72104K, reserved 1101824K
  class space    used 12418K, capacity 19295K, committed 19368K, reserved 1048576K
}

